Using pre-set license
Built from '2020.3/staging' branch; Version is '2020.3.19f1 (68f137dc9bbe) revision 6877495'; Using compiler version '192528614'; Build Type 'Release'
OS: 'Windows 10 Education; OS build 18363.1734; Version 1909; 64bit' Language: 'sv' Physical Memory: 16221 MB
BatchMode: 1, IsHumanControllingUs: 0, StartBugReporterOnCrash: 0, Is64bit: 1, IsPro: 0

COMMAND LINE ARGUMENTS:
C:\Program Files\Unity\Hub\Editor\2020.3.19f1\Editor\Unity.exe
-adb2
-batchMode
-noUpm
-name
AssetImportWorker0
-projectPath
C:/Users/freja.holmgrenjakob/Documents/GitHub/Kebabiness
-logFile
Logs/AssetImportWorker0.log
-srvPort
63961
Successfully changed project path to: C:/Users/freja.holmgrenjakob/Documents/GitHub/Kebabiness
C:/Users/freja.holmgrenjakob/Documents/GitHub/Kebabiness
Using Asset Import Pipeline V2.
Refreshing native plugins compatible for Editor in 39.43 ms, found 2 plugins.
Preloading 0 native plugins for Editor in 0.00 ms.
Initialize engine version: 2020.3.19f1 (68f137dc9bbe)
[Subsystems] Discovering subsystems at path C:/Program Files/Unity/Hub/Editor/2020.3.19f1/Editor/Data/Resources/UnitySubsystems
[Subsystems] Discovering subsystems at path C:/Users/freja.holmgrenjakob/Documents/GitHub/Kebabiness/Assets
GfxDevice: creating device client; threaded=0
Direct3D:
    Version:  Direct3D 11.0 [level 11.1]
    Renderer: NVIDIA GeForce MX250 (ID=0x1d13)
    Vendor:   
    VRAM:     1983 MB
    Driver:   26.21.14.3198
Initialize mono
Mono path[0] = 'C:/Program Files/Unity/Hub/Editor/2020.3.19f1/Editor/Data/Managed'
Mono path[1] = 'C:/Program Files/Unity/Hub/Editor/2020.3.19f1/Editor/Data/MonoBleedingEdge/lib/mono/unityjit'
Mono config path = 'C:/Program Files/Unity/Hub/Editor/2020.3.19f1/Editor/Data/MonoBleedingEdge/etc'
Using monoOptions --debugger-agent=transport=dt_socket,embedding=1,server=y,suspend=n,address=127.0.0.1:56600
Begin MonoManager ReloadAssembly
Registering precompiled unity dll's ...
Register platform support module: C:/Program Files/Unity/Hub/Editor/2020.3.19f1/Editor/Data/PlaybackEngines/WebGLSupport/UnityEditor.WebGL.Extensions.dll
Register platform support module: C:/Program Files/Unity/Hub/Editor/2020.3.19f1/Editor/Data/PlaybackEngines/MacStandaloneSupport/UnityEditor.OSXStandalone.Extensions.dll
Register platform support module: C:/Program Files/Unity/Hub/Editor/2020.3.19f1/Editor/Data/PlaybackEngines/WindowsStandaloneSupport/UnityEditor.WindowsStandalone.Extensions.dll
Register platform support module: C:/Program Files/Unity/Hub/Editor/2020.3.19f1/Editor/Data/PlaybackEngines/LinuxStandaloneSupport/UnityEditor.LinuxStandalone.Extensions.dll
Register platform support module: C:/Program Files/Unity/Hub/Editor/2020.3.19f1/Editor/Data/PlaybackEngines/LuminSupport/UnityEditor.Lumin.Extensions.dll
Registered in 0.004494 seconds.
Native extension for Lumin target not found
Native extension for LinuxStandalone target not found
Native extension for WindowsStandalone target not found
Native extension for OSXStandalone target not found
Native extension for WebGL target not found
Refreshing native plugins compatible for Editor in 37.34 ms, found 2 plugins.
Preloading 0 native plugins for Editor in 0.00 ms.
Mono: successfully reloaded assembly
- Completed reload, in  1.558 seconds
Domain Reload Profiling:
	ReloadAssembly (1559ms)
		BeginReloadAssembly (64ms)
			ExecutionOrderSort (0ms)
			DisableScriptedObjects (0ms)
			BackupInstance (0ms)
			ReleaseScriptingObjects (0ms)
			CreateAndSetChildDomain (1ms)
		EndReloadAssembly (535ms)
			LoadAssemblies (62ms)
			RebuildTransferFunctionScriptingTraits (0ms)
			SetupTypeCache (201ms)
			ReleaseScriptCaches (0ms)
			RebuildScriptCaches (44ms)
			SetupLoadedEditorAssemblies (202ms)
				LogAssemblyErrors (0ms)
				InitializePlatformSupportModulesInManaged (9ms)
				SetLoadedEditorAssemblies (0ms)
				RefreshPlugins (37ms)
				BeforeProcessingInitializeOnLoad (20ms)
				ProcessInitializeOnLoadAttributes (101ms)
				ProcessInitializeOnLoadMethodAttributes (34ms)
				AfterProcessingInitializeOnLoad (0ms)
				EditorAssembliesLoaded (0ms)
			ExecutionOrderSort2 (0ms)
			AwakeInstancesAfterBackupRestoration (0ms)
Platform modules already initialized, skipping
Registering precompiled user dll's ...
Registered in 0.002786 seconds.
Begin MonoManager ReloadAssembly
Native extension for Lumin target not found
Native extension for LinuxStandalone target not found
Native extension for WindowsStandalone target not found
Native extension for OSXStandalone target not found
Native extension for WebGL target not found
Refreshing native plugins compatible for Editor in 0.34 ms, found 2 plugins.
Preloading 0 native plugins for Editor in 0.00 ms.
Mono: successfully reloaded assembly
- Completed reload, in  1.329 seconds
Domain Reload Profiling:
	ReloadAssembly (1329ms)
		BeginReloadAssembly (189ms)
			ExecutionOrderSort (0ms)
			DisableScriptedObjects (5ms)
			BackupInstance (0ms)
			ReleaseScriptingObjects (0ms)
			CreateAndSetChildDomain (24ms)
		EndReloadAssembly (1045ms)
			LoadAssemblies (111ms)
			RebuildTransferFunctionScriptingTraits (0ms)
			SetupTypeCache (377ms)
			ReleaseScriptCaches (0ms)
			RebuildScriptCaches (57ms)
			SetupLoadedEditorAssemblies (378ms)
				LogAssemblyErrors (0ms)
				InitializePlatformSupportModulesInManaged (9ms)
				SetLoadedEditorAssemblies (1ms)
				RefreshPlugins (0ms)
				BeforeProcessingInitializeOnLoad (92ms)
				ProcessInitializeOnLoadAttributes (265ms)
				ProcessInitializeOnLoadMethodAttributes (5ms)
				AfterProcessingInitializeOnLoad (6ms)
				EditorAssembliesLoaded (0ms)
			ExecutionOrderSort2 (0ms)
			AwakeInstancesAfterBackupRestoration (8ms)
Platform modules already initialized, skipping
========================================================================
Worker process is ready to serve import requests
Launched and connected shader compiler UnityShaderCompiler.exe after 0.10 seconds
Refreshing native plugins compatible for Editor in 0.57 ms, found 2 plugins.
Preloading 0 native plugins for Editor in 0.00 ms.
Unloading 1445 Unused Serialized files (Serialized files now loaded: 0)
System memory in use before: 66.3 MB.
System memory in use after: 66.3 MB.

Unloading 16 unused Assets to reduce memory usage. Loaded Objects now: 1881.
Total: 3.501000 ms (FindLiveObjects: 0.213000 ms CreateObjectMapping: 0.076200 ms MarkObjects: 3.097600 ms  DeleteObjects: 0.112900 ms)

AssetImportParameters requested are different than current active one (requested -> active):
  custom:framework-win-MediaFoundation: 216162199b28c13a410421893ffa2e32 -> 
  custom:video-decoder-ogg-theora: a1e56fd34408186e4bbccfd4996cb3dc -> 
  custom:container-muxer-webm: aa71ff27fc2769a1b78a27578f13a17b -> 
  custom:container-demuxer-webm: 4f35f7cbe854078d1ac9338744f61a02 -> 
  custom:container-demuxer-ogg: 62fdf1f143b41e24485cea50d1cbac27 -> 
  custom:video-encoder-webm-vp8: eb34c28f22e8b96e1ab97ce403110664 -> 
  custom:video-decoder-webm-vp8: 9c59270c3fd7afecdb556c50c9e8de78 -> 
  custom:audio-decoder-ogg-vorbis: bf7c407c2cedff20999df2af8eb42d56 -> 
  custom:audio-encoder-webm-vorbis: bf7c407c2cedff20999df2af8eb42d56 -> 
========================================================================
Received Import Request.
  path: Assets/Sprites/grouwdan1.png
  artifactKey: Guid(113bfc11b150a47409b00b1565a2b6fe) Importer(815301076,1909f56bfc062723c751e8b465ee728b)
Start importing Assets/Sprites/grouwdan1.png using Guid(113bfc11b150a47409b00b1565a2b6fe) Importer(815301076,1909f56bfc062723c751e8b465ee728b)  -> (artifact id: 'ebf6a75682539c9ac857802228064872') in 0.181802 seconds 
  Import took 0.185528 seconds .

========================================================================
Received Import Request.
  Time since last request: 0.000268 seconds.
  path: Assets/Sprites/grouwdan0.png
  artifactKey: Guid(162be8e1505d54f4db545d43cfc0064f) Importer(815301076,1909f56bfc062723c751e8b465ee728b)
Start importing Assets/Sprites/grouwdan0.png using Guid(162be8e1505d54f4db545d43cfc0064f) Importer(815301076,1909f56bfc062723c751e8b465ee728b)  -> (artifact id: 'e239601d549e8227c8445584a6b171d0') in 0.031840 seconds 
  Import took 0.035567 seconds .

========================================================================
Received Import Request.
  Time since last request: 0.000214 seconds.
  path: Assets/Sprites/grouwdan2.png
  artifactKey: Guid(bd90e1f5d3b2fe847a8a5c6430008ee6) Importer(815301076,1909f56bfc062723c751e8b465ee728b)
Start importing Assets/Sprites/grouwdan2.png using Guid(bd90e1f5d3b2fe847a8a5c6430008ee6) Importer(815301076,1909f56bfc062723c751e8b465ee728b)  -> (artifact id: '8aa8b5c54b4ce14341701431afe30662') in 0.023229 seconds 
  Import took 0.027752 seconds .

========================================================================
Received Import Request.
  Time since last request: 68.464458 seconds.
  path: Assets/Bla_delfin (2).png
  artifactKey: Guid(1156f23443d565c46b391900c2b8eb35) Importer(815301076,1909f56bfc062723c751e8b465ee728b)
Start importing Assets/Bla_delfin (2).png using Guid(1156f23443d565c46b391900c2b8eb35) Importer(815301076,1909f56bfc062723c751e8b465ee728b)  -> (artifact id: '2b78a1743a68f367f3afca4108233b86') in 0.101763 seconds 
  Import took 0.105294 seconds .

========================================================================
Received Import Request.
  Time since last request: 9.296256 seconds.
  path: Assets/Scenes/Johan.unity
  artifactKey: Guid(616cf00270192ca49946118fa25ea2b4) Importer(815301076,1909f56bfc062723c751e8b465ee728b)
Start importing Assets/Scenes/Johan.unity using Guid(616cf00270192ca49946118fa25ea2b4) Importer(815301076,1909f56bfc062723c751e8b465ee728b)  -> (artifact id: 'c2c453354d3a056c507f97150026ad4e') in 0.012109 seconds 
  Import took 0.016533 seconds .

========================================================================
Received Import Request.
  Time since last request: 40.154252 seconds.
  path: Assets/Enemy (1).prefab
  artifactKey: Guid(8671efbedf620a24a827835cb4fedd25) Importer(815301076,1909f56bfc062723c751e8b465ee728b)
Start importing Assets/Enemy (1).prefab using Guid(8671efbedf620a24a827835cb4fedd25) Importer(815301076,1909f56bfc062723c751e8b465ee728b)  -> (artifact id: 'a8ef386729bfea8d05e588e8d36527c1') in 0.063215 seconds 
  Import took 0.067663 seconds .

========================================================================
Received Import Request.
  Time since last request: 8.076885 seconds.
  path: Assets/Scenes/Freja.unity
  artifactKey: Guid(d7cd5f10b2bda25438e0ca55d3983a3e) Importer(815301076,1909f56bfc062723c751e8b465ee728b)
Start importing Assets/Scenes/Freja.unity using Guid(d7cd5f10b2bda25438e0ca55d3983a3e) Importer(815301076,1909f56bfc062723c751e8b465ee728b)  -> (artifact id: 'c6692e66c9340195024f5772c111a259') in 0.009654 seconds 
  Import took 0.017714 seconds .

========================================================================
Received Import Request.
  Time since last request: 176.139315 seconds.
  path: Assets/Froggo.anim
  artifactKey: Guid(d5580ef8de35e4643bcbf9dfe75452ad) Importer(815301076,1909f56bfc062723c751e8b465ee728b)
Start importing Assets/Froggo.anim using Guid(d5580ef8de35e4643bcbf9dfe75452ad) Importer(815301076,1909f56bfc062723c751e8b465ee728b)  -> (artifact id: 'abed3925e2dbf86b385e221eb98401cd') in 0.014151 seconds 
  Import took 0.018327 seconds .

========================================================================
Received Import Request.
  Time since last request: 63.864835 seconds.
  path: Assets/Enemy (1).controller
  artifactKey: Guid(b623e8fbc78f14e42863e79514f44f68) Importer(815301076,1909f56bfc062723c751e8b465ee728b)
Start importing Assets/Enemy (1).controller using Guid(b623e8fbc78f14e42863e79514f44f68) Importer(815301076,1909f56bfc062723c751e8b465ee728b)  -> (artifact id: '86f2362c97860865fc6deb839c9b8ec9') in 0.006851 seconds 
  Import took 0.009945 seconds .

========================================================================
Received Import Request.
  Time since last request: 166.915031 seconds.
  path: Assets/Enemy (1).controller
  artifactKey: Guid(b623e8fbc78f14e42863e79514f44f68) Importer(815301076,1909f56bfc062723c751e8b465ee728b)
Start importing Assets/Enemy (1).controller using Guid(b623e8fbc78f14e42863e79514f44f68) Importer(815301076,1909f56bfc062723c751e8b465ee728b)  -> (artifact id: '45f62a2d2b0cabd5d12225a85828b0f6') in 0.004548 seconds 
  Import took 0.014516 seconds .

========================================================================
Received Import Request.
  Time since last request: 23.643704 seconds.
  path: Assets/Scenes/Johan.unity
  artifactKey: Guid(616cf00270192ca49946118fa25ea2b4) Importer(815301076,1909f56bfc062723c751e8b465ee728b)
Start importing Assets/Scenes/Johan.unity using Guid(616cf00270192ca49946118fa25ea2b4) Importer(815301076,1909f56bfc062723c751e8b465ee728b)  -> (artifact id: 'c77a9a518a4a1694c62e13cce3b6de2f') in 0.003250 seconds 
  Import took 0.006821 seconds .

========================================================================
Received Import Request.
  Time since last request: 16.921118 seconds.
  path: Assets/Scenes/Freja.unity
  artifactKey: Guid(d7cd5f10b2bda25438e0ca55d3983a3e) Importer(815301076,1909f56bfc062723c751e8b465ee728b)
Start importing Assets/Scenes/Freja.unity using Guid(d7cd5f10b2bda25438e0ca55d3983a3e) Importer(815301076,1909f56bfc062723c751e8b465ee728b)  -> (artifact id: '740681d22eeb7089e0761579e4b2b0a4') in 0.003432 seconds 
  Import took 0.013307 seconds .

========================================================================
Received Prepare
Registering precompiled user dll's ...
Registered in 0.002533 seconds.
Begin MonoManager ReloadAssembly
Native extension for Lumin target not found
Native extension for LinuxStandalone target not found
Native extension for WindowsStandalone target not found
Native extension for OSXStandalone target not found
Native extension for WebGL target not found
Refreshing native plugins compatible for Editor in 0.35 ms, found 2 plugins.
Preloading 0 native plugins for Editor in 0.00 ms.
Mono: successfully reloaded assembly
- Completed reload, in  1.232 seconds
Domain Reload Profiling:
	ReloadAssembly (1233ms)
		BeginReloadAssembly (133ms)
			ExecutionOrderSort (0ms)
			DisableScriptedObjects (5ms)
			BackupInstance (0ms)
			ReleaseScriptingObjects (0ms)
			CreateAndSetChildDomain (50ms)
		EndReloadAssembly (1021ms)
			LoadAssemblies (109ms)
			RebuildTransferFunctionScriptingTraits (0ms)
			SetupTypeCache (363ms)
			ReleaseScriptCaches (1ms)
			RebuildScriptCaches (50ms)
			SetupLoadedEditorAssemblies (364ms)
				LogAssemblyErrors (0ms)
				InitializePlatformSupportModulesInManaged (10ms)
				SetLoadedEditorAssemblies (1ms)
				RefreshPlugins (0ms)
				BeforeProcessingInitializeOnLoad (89ms)
				ProcessInitializeOnLoadAttributes (253ms)
				ProcessInitializeOnLoadMethodAttributes (5ms)
				AfterProcessingInitializeOnLoad (6ms)
				EditorAssembliesLoaded (0ms)
			ExecutionOrderSort2 (0ms)
			AwakeInstancesAfterBackupRestoration (8ms)
Platform modules already initialized, skipping
Refreshing native plugins compatible for Editor in 0.43 ms, found 2 plugins.
Preloading 0 native plugins for Editor in 0.00 ms.
Unloading 1439 Unused Serialized files (Serialized files now loaded: 0)
System memory in use before: 69.3 MB.
System memory in use after: 69.4 MB.

Unloading 11 unused Assets to reduce memory usage. Loaded Objects now: 1897.
Total: 3.495500 ms (FindLiveObjects: 0.185200 ms CreateObjectMapping: 0.063300 ms MarkObjects: 3.223500 ms  DeleteObjects: 0.022000 ms)

AssetImportParameters requested are different than current active one (requested -> active):
  custom:framework-win-MediaFoundation: 216162199b28c13a410421893ffa2e32 -> 
  custom:video-decoder-ogg-theora: a1e56fd34408186e4bbccfd4996cb3dc -> 
  custom:container-muxer-webm: aa71ff27fc2769a1b78a27578f13a17b -> 
  custom:container-demuxer-webm: 4f35f7cbe854078d1ac9338744f61a02 -> 
  custom:container-demuxer-ogg: 62fdf1f143b41e24485cea50d1cbac27 -> 
  custom:video-encoder-webm-vp8: eb34c28f22e8b96e1ab97ce403110664 -> 
  custom:video-decoder-webm-vp8: 9c59270c3fd7afecdb556c50c9e8de78 -> 
  custom:audio-decoder-ogg-vorbis: bf7c407c2cedff20999df2af8eb42d56 -> 
  custom:audio-encoder-webm-vorbis: bf7c407c2cedff20999df2af8eb42d56 -> 
AssetImportWorkerClient::OnTransportError - code=2 error=End of file
